2011-04-20 13:23:53 Warning: Warning (2): Cannot modify header information - headers already sent by (output started at /Server/cake/basics.php:110) in [/Server/cake/libs/controller/controller.php, line 742]
2011-04-20 13:27:16 Warning: Warning (2): Missing argument 2 for Validation::userDefined(), called in /Server/cake/libs/object.php on line 112 and defined in [/Server/cake/libs/validation.php, line 909]
2011-04-20 13:27:16 Warning: Warning (2): Missing argument 3 for Validation::userDefined(), called in /Server/cake/libs/object.php on line 112 and defined in [/Server/cake/libs/validation.php, line 909]
2011-04-20 13:27:16 Warning: Warning (2): call_user_func_array() [<a href='http://php.net/function.call-user-func-array'>function.call-user-func-array</a>]: First argument is expected to be a valid callback, 'Array' was given in [/Server/cake/libs/validation.php, line 910]
2011-04-20 13:33:10 Warning: Warning (512): Could not find validation handler _compPasswords for password in [/Server/cake/libs/model/model.php, line 2613]
2011-04-20 13:33:11 Warning: Warning (2): Cannot modify header information - headers already sent by (output started at /Server/cake/libs/debugger.php:673) in [/Server/cake/libs/controller/controller.php, line 742]
2011-04-20 13:33:30 Warning: Warning (512): <span style="color:Red;text-align:left"><b>SQL Error:</b> 1062: Duplicate entry '1' for key 'signup_id'</span> in [/Server/cake/libs/model/datasources/dbo_source.php, line 684]
2011-04-20 13:37:21 Warning: Warning (512): Could not find AclComponent. Please include Acl in Controller::$components. in [/Server/cake/libs/controller/components/auth.php, line 421]
2011-04-20 14:08:24 Warning: Warning (2): Cannot modify header information - headers already sent by (output started at /Server/cake/basics.php:110) in [/Server/cake/libs/controller/controller.php, line 742]
2011-04-20 14:44:55 Warning: Warning (2): Cannot modify header information - headers already sent by (output started at /Server/cake/libs/debugger.php:673) in [/Server/cake/libs/controller/controller.php, line 742]
2011-04-20 14:45:06 Warning: Warning (2): Cannot modify header information - headers already sent by (output started at /Server/cake/basics.php:110) in [/Server/cake/libs/controller/controller.php, line 742]
2011-04-20 14:45:09 Warning: Warning (2): Cannot modify header information - headers already sent by (output started at /Server/cake/basics.php:110) in [/Server/cake/libs/controller/controller.php, line 742]
2011-04-20 14:45:31 Warning: Warning (2): Cannot modify header information - headers already sent by (output started at /Server/cake/basics.php:110) in [/Server/cake/libs/controller/controller.php, line 742]
2011-04-20 15:47:37 Warning: Warning (2): file_get_contents(/Server/uploads/1302823399.jpg) [<a href='http://php.net/function.file-get-contents'>function.file-get-contents</a>]: failed to open stream: No such file or directory in [/Server/app/views/helpers/found_image.php, line 6]
2011-04-20 15:47:37 Warning: Warning (2): file_get_contents(/Server/uploads/1302823405.jpg) [<a href='http://php.net/function.file-get-contents'>function.file-get-contents</a>]: failed to open stream: No such file or directory in [/Server/app/views/helpers/found_image.php, line 6]
2011-04-20 15:47:37 Warning: Warning (2): file_get_contents(/Server/uploads/1302828855.jpg) [<a href='http://php.net/function.file-get-contents'>function.file-get-contents</a>]: failed to open stream: No such file or directory in [/Server/app/views/helpers/found_image.php, line 6]
2011-04-20 15:47:37 Warning: Warning (2): file_get_contents(/Server/uploads/1302828946.jpg) [<a href='http://php.net/function.file-get-contents'>function.file-get-contents</a>]: failed to open stream: No such file or directory in [/Server/app/views/helpers/found_image.php, line 6]
2011-04-20 15:47:37 Warning: Warning (2): file_get_contents(/Server/uploads/1302861010.jpg) [<a href='http://php.net/function.file-get-contents'>function.file-get-contents</a>]: failed to open stream: No such file or directory in [/Server/app/views/helpers/found_image.php, line 6]
2011-04-20 15:47:37 Warning: Warning (2): file_get_contents(/Server/uploads/1302861956.jpeg) [<a href='http://php.net/function.file-get-contents'>function.file-get-contents</a>]: failed to open stream: No such file or directory in [/Server/app/views/helpers/found_image.php, line 6]
2011-04-20 15:47:37 Warning: Warning (2): file_get_contents(/Server/uploads/1302866333.jpg) [<a href='http://php.net/function.file-get-contents'>function.file-get-contents</a>]: failed to open stream: No such file or directory in [/Server/app/views/helpers/found_image.php, line 6]
2011-04-20 15:47:37 Warning: Warning (2): file_get_contents(/Server/uploads/1302907294.jpeg) [<a href='http://php.net/function.file-get-contents'>function.file-get-contents</a>]: failed to open stream: No such file or directory in [/Server/app/views/helpers/found_image.php, line 6]
2011-04-20 15:47:37 Warning: Warning (2): file_get_contents(/Server/uploads/1302907426.jpeg) [<a href='http://php.net/function.file-get-contents'>function.file-get-contents</a>]: failed to open stream: No such file or directory in [/Server/app/views/helpers/found_image.php, line 6]
2011-04-20 15:47:37 Warning: Warning (2): file_get_contents(/Server/uploads/1302910464.jpg) [<a href='http://php.net/function.file-get-contents'>function.file-get-contents</a>]: failed to open stream: No such file or directory in [/Server/app/views/helpers/found_image.php, line 6]
2011-04-20 15:47:37 Warning: Warning (2): file_get_contents(/Server/uploads/1302911064.jpg) [<a href='http://php.net/function.file-get-contents'>function.file-get-contents</a>]: failed to open stream: No such file or directory in [/Server/app/views/helpers/found_image.php, line 6]
2011-04-20 15:47:37 Warning: Warning (2): file_get_contents(/Server/uploads/1302915874.jpeg) [<a href='http://php.net/function.file-get-contents'>function.file-get-contents</a>]: failed to open stream: No such file or directory in [/Server/app/views/helpers/found_image.php, line 6]
2011-04-20 15:47:37 Warning: Warning (2): file_get_contents(/Server/uploads/1302948180.jpg) [<a href='http://php.net/function.file-get-contents'>function.file-get-contents</a>]: failed to open stream: No such file or directory in [/Server/app/views/helpers/found_image.php, line 6]
2011-04-20 15:47:37 Warning: Warning (2): file_get_contents(/Server/uploads/1302975629.jpg) [<a href='http://php.net/function.file-get-contents'>function.file-get-contents</a>]: failed to open stream: No such file or directory in [/Server/app/views/helpers/found_image.php, line 6]
2011-04-20 15:47:37 Warning: Warning (2): file_get_contents(/Server/uploads/1302979519.jpg) [<a href='http://php.net/function.file-get-contents'>function.file-get-contents</a>]: failed to open stream: No such file or directory in [/Server/app/views/helpers/found_image.php, line 6]
2011-04-20 15:47:37 Warning: Warning (2): file_get_contents(/Server/uploads/1302983317.jpg) [<a href='http://php.net/function.file-get-contents'>function.file-get-contents</a>]: failed to open stream: No such file or directory in [/Server/app/views/helpers/found_image.php, line 6]
2011-04-20 15:47:37 Warning: Warning (2): file_get_contents(/Server/uploads/1302985031.jpg) [<a href='http://php.net/function.file-get-contents'>function.file-get-contents</a>]: failed to open stream: No such file or directory in [/Server/app/views/helpers/found_image.php, line 6]
2011-04-20 15:47:37 Warning: Warning (2): file_get_contents(/Server/uploads/1302987351.jpg) [<a href='http://php.net/function.file-get-contents'>function.file-get-contents</a>]: failed to open stream: No such file or directory in [/Server/app/views/helpers/found_image.php, line 6]
2011-04-20 15:47:37 Warning: Warning (2): file_get_contents(/Server/uploads/1303003327.jpg) [<a href='http://php.net/function.file-get-contents'>function.file-get-contents</a>]: failed to open stream: No such file or directory in [/Server/app/views/helpers/found_image.php, line 6]
2011-04-20 15:47:37 Warning: Warning (2): file_get_contents(/Server/uploads/1303005040.jpg) [<a href='http://php.net/function.file-get-contents'>function.file-get-contents</a>]: failed to open stream: No such file or directory in [/Server/app/views/helpers/found_image.php, line 6]
2011-04-20 15:57:46 Warning: Warning (2): Invalid argument supplied for foreach() in [/Server/app/controllers/found_items_controller.php, line 24]
2011-04-20 16:04:34 Warning: Warning (2): Invalid argument supplied for foreach() in [/Server/app/views/found_items/index.ctp, line 18]
2011-04-20 16:04:34 Warning: Warning (2): Invalid argument supplied for foreach() in [/Server/app/views/found_items/index.ctp, line 18]
2011-04-20 16:05:35 Warning: Warning (2): Invalid argument supplied for foreach() in [/Server/app/views/found_items/index.ctp, line 18]
2011-04-20 16:07:07 Warning: Warning (2): Invalid argument supplied for foreach() in [/Server/app/views/found_items/index.ctp, line 18]
2011-04-20 16:08:21 Warning: Warning (512): <span style="color:Red;text-align:left"><b>SQL Error:</b> 1064: You have an error in your SQL syntax; check the manual that corresponds to your MySQL server version for the right syntax to use near 'foundItemId' at line 1</span> in [/Server/cake/libs/model/datasources/dbo_source.php, line 684]
2011-04-20 16:08:21 Warning: Warning (2): Invalid argument supplied for foreach() in [/Server/app/views/found_items/index.ctp, line 18]
2011-04-20 16:10:43 Warning: Warning (2): Invalid argument supplied for foreach() in [/Server/app/views/found_items/index.ctp, line 18]
2011-04-20 16:11:23 Warning: Warning (2): Invalid argument supplied for foreach() in [/Server/app/views/found_items/index.ctp, line 18]
2011-04-20 16:11:57 Warning: Warning (2): Invalid argument supplied for foreach() in [/Server/app/views/found_items/index.ctp, line 18]
2011-04-20 16:42:55 Warning: Warning (2): Cannot use a scalar value as an array in [/Server/app/models/found_item.php, line 127]
2011-04-20 16:57:50 Warning: Warning (2): getimagesize(ROOT_DIR/uploads/1302823399.jpg) [<a href='http://php.net/function.getimagesize'>function.getimagesize</a>]: failed to open stream: No such file or directory in [/Server/app/app_model.php, line 36]
2011-04-20 16:57:50 Warning: Warning (2): Division by zero in [/Server/app/app_model.php, line 37]
2011-04-20 16:57:50 Warning: Warning (2): imagecreatefromjpeg(ROOT_DIR/uploads/1302823399.jpg) [<a href='http://php.net/function.imagecreatefromjpeg'>function.imagecreatefromjpeg</a>]: failed to open stream: No such file or directory in [/Server/app/app_model.php, line 55]
2011-04-20 16:57:50 Warning: Warning (2): imagecreatetruecolor() [<a href='http://php.net/function.imagecreatetruecolor'>function.imagecreatetruecolor</a>]: Invalid image dimensions in [/Server/app/app_model.php, line 56]
2011-04-20 16:57:50 Warning: Warning (2): imagecopyresampled(): supplied argument is not a valid Image resource in [/Server/app/app_model.php, line 57]
2011-04-20 16:57:50 Warning: Warning (2): Cannot modify header information - headers already sent by (output started at /Server/cake/libs/debugger.php:673) in [/Server/app/controllers/found_item_images_controller.php, line 21]
2011-04-20 16:57:50 Warning: Warning (2): imagejpeg(): supplied argument is not a valid Image resource in [/Server/app/controllers/found_item_images_controller.php, line 22]
2011-04-20 16:58:19 Warning: Warning (2): Cannot modify header information - headers already sent by (output started at /Server/cake/libs/debugger.php:673) in [/Server/app/controllers/found_item_images_controller.php, line 21]
2011-04-20 16:58:19 Warning: Warning (2): imagejpeg(): supplied argument is not a valid Image resource in [/Server/app/controllers/found_item_images_controller.php, line 22]
2011-04-20 16:58:32 Warning: Warning (2): Cannot modify header information - headers already sent by (output started at /Server/cake/libs/debugger.php:673) in [/Server/app/controllers/found_item_images_controller.php, line 21]
2011-04-20 16:58:32 Warning: Warning (2): imagejpeg(): supplied argument is not a valid Image resource in [/Server/app/controllers/found_item_images_controller.php, line 22]
2011-04-20 17:00:46 Warning: Warning (2): Cannot modify header information - headers already sent by (output started at /Server/cake/basics.php:110) in [/Server/app/controllers/found_item_images_controller.php, line 20]
2011-04-20 17:04:03 Warning: Warning (2): imagecreatefromjpeg() [<a href='http://php.net/function.imagecreatefromjpeg'>function.imagecreatefromjpeg</a>]: gd-jpeg: JPEG library reports unrecoverable error:  in [/Server/app/app_model.php, line 55]
2011-04-20 17:04:03 Warning: Warning (2): imagecreatefromjpeg() [<a href='http://php.net/function.imagecreatefromjpeg'>function.imagecreatefromjpeg</a>]: '/Server/uploads/1303005040.jpg' is not a valid JPEG file in [/Server/app/app_model.php, line 55]
2011-04-20 17:04:03 Warning: Warning (2): imagecopyresampled(): supplied argument is not a valid Image resource in [/Server/app/app_model.php, line 57]
2011-04-20 17:04:03 Warning: Warning (2): Cannot modify header information - headers already sent by (output started at /Server/cake/libs/debugger.php:673) in [/Server/app/controllers/found_item_images_controller.php, line 19]
2011-04-20 17:04:25 Warning: Warning (2): imagecreatefromjpeg() [<a href='http://php.net/function.imagecreatefromjpeg'>function.imagecreatefromjpeg</a>]: gd-jpeg: JPEG library reports unrecoverable error:  in [/Server/app/app_model.php, line 55]
2011-04-20 17:04:25 Warning: Warning (2): imagecreatefromjpeg() [<a href='http://php.net/function.imagecreatefromjpeg'>function.imagecreatefromjpeg</a>]: '/Server/uploads/1303005040.jpg' is not a valid JPEG file in [/Server/app/app_model.php, line 55]
2011-04-20 17:04:25 Warning: Warning (2): imagecopyresampled(): supplied argument is not a valid Image resource in [/Server/app/app_model.php, line 57]
2011-04-20 17:04:25 Warning: Warning (2): Cannot modify header information - headers already sent by (output started at /Server/cake/libs/debugger.php:673) in [/Server/app/controllers/found_item_images_controller.php, line 19]
2011-04-20 17:04:28 Warning: Warning (2): imagecreatefromjpeg() [<a href='http://php.net/function.imagecreatefromjpeg'>function.imagecreatefromjpeg</a>]: gd-jpeg: JPEG library reports unrecoverable error:  in [/Server/app/app_model.php, line 55]
2011-04-20 17:04:28 Warning: Warning (2): imagecreatefromjpeg() [<a href='http://php.net/function.imagecreatefromjpeg'>function.imagecreatefromjpeg</a>]: '/Server/uploads/1303005040.jpg' is not a valid JPEG file in [/Server/app/app_model.php, line 55]
2011-04-20 17:04:28 Warning: Warning (2): imagecopyresampled(): supplied argument is not a valid Image resource in [/Server/app/app_model.php, line 57]
2011-04-20 17:04:28 Warning: Warning (2): Cannot modify header information - headers already sent by (output started at /Server/cake/libs/debugger.php:673) in [/Server/app/controllers/found_item_images_controller.php, line 19]
2011-04-20 17:06:45 Warning: Warning (2): imagecreatefromjpeg() [<a href='http://php.net/function.imagecreatefromjpeg'>function.imagecreatefromjpeg</a>]: gd-jpeg: JPEG library reports unrecoverable error:  in [/Server/app/app_model.php, line 55]
2011-04-20 17:06:45 Warning: Warning (2): imagecreatefromjpeg() [<a href='http://php.net/function.imagecreatefromjpeg'>function.imagecreatefromjpeg</a>]: '/Server/uploads/1303005040.jpg' is not a valid JPEG file in [/Server/app/app_model.php, line 55]
2011-04-20 17:06:45 Warning: Warning (2): imagecopyresampled(): supplied argument is not a valid Image resource in [/Server/app/app_model.php, line 57]
2011-04-20 17:06:45 Warning: Warning (2): Cannot modify header information - headers already sent by (output started at /Server/cake/libs/debugger.php:673) in [/Server/app/controllers/found_item_images_controller.php, line 19]
2011-04-20 17:06:49 Warning: Warning (2): imagecreatefromjpeg() [<a href='http://php.net/function.imagecreatefromjpeg'>function.imagecreatefromjpeg</a>]: gd-jpeg: JPEG library reports unrecoverable error:  in [/Server/app/app_model.php, line 55]
2011-04-20 17:06:49 Warning: Warning (2): imagecreatefromjpeg() [<a href='http://php.net/function.imagecreatefromjpeg'>function.imagecreatefromjpeg</a>]: '/Server/uploads/1303005040.jpg' is not a valid JPEG file in [/Server/app/app_model.php, line 55]
2011-04-20 17:06:49 Warning: Warning (2): imagecopyresampled(): supplied argument is not a valid Image resource in [/Server/app/app_model.php, line 57]
2011-04-20 17:06:49 Warning: Warning (2): Cannot modify header information - headers already sent by (output started at /Server/cake/libs/debugger.php:673) in [/Server/app/controllers/found_item_images_controller.php, line 19]
2011-04-20 17:07:43 Warning: Warning (2): getimagesize(/Server/uploads/1303315391.jpg) [<a href='http://php.net/function.getimagesize'>function.getimagesize</a>]: failed to open stream: No such file or directory in [/Server/app/app_model.php, line 36]
2011-04-20 17:07:43 Warning: Warning (2): Division by zero in [/Server/app/app_model.php, line 37]
2011-04-20 17:07:43 Warning: Warning (2): imagecreatefromjpeg(/Server/uploads/1303315391.jpg) [<a href='http://php.net/function.imagecreatefromjpeg'>function.imagecreatefromjpeg</a>]: failed to open stream: No such file or directory in [/Server/app/app_model.php, line 55]
2011-04-20 17:07:43 Warning: Warning (2): imagecreatetruecolor() [<a href='http://php.net/function.imagecreatetruecolor'>function.imagecreatetruecolor</a>]: Invalid image dimensions in [/Server/app/app_model.php, line 56]
2011-04-20 17:07:43 Warning: Warning (2): imagecopyresampled(): supplied argument is not a valid Image resource in [/Server/app/app_model.php, line 57]
2011-04-20 17:07:43 Warning: Warning (2): Cannot modify header information - headers already sent by (output started at /Server/cake/libs/debugger.php:673) in [/Server/app/controllers/found_item_images_controller.php, line 19]
2011-04-20 17:07:43 Warning: Warning (2): imagejpeg(): supplied argument is not a valid Image resource in [/Server/app/controllers/found_item_images_controller.php, line 20]
2011-04-20 17:07:43 Warning: Warning (2): getimagesize(/Server/uploads/1303316195.jpg) [<a href='http://php.net/function.getimagesize'>function.getimagesize</a>]: failed to open stream: No such file or directory in [/Server/app/app_model.php, line 36]
2011-04-20 17:07:43 Warning: Warning (2): Division by zero in [/Server/app/app_model.php, line 37]
2011-04-20 17:07:43 Warning: Warning (2): imagecreatefromjpeg(/Server/uploads/1303316195.jpg) [<a href='http://php.net/function.imagecreatefromjpeg'>function.imagecreatefromjpeg</a>]: failed to open stream: No such file or directory in [/Server/app/app_model.php, line 55]
2011-04-20 17:07:43 Warning: Warning (2): imagecreatetruecolor() [<a href='http://php.net/function.imagecreatetruecolor'>function.imagecreatetruecolor</a>]: Invalid image dimensions in [/Server/app/app_model.php, line 56]
2011-04-20 17:07:43 Warning: Warning (2): imagecopyresampled(): supplied argument is not a valid Image resource in [/Server/app/app_model.php, line 57]
2011-04-20 17:07:43 Warning: Warning (2): Cannot modify header information - headers already sent by (output started at /Server/cake/libs/debugger.php:673) in [/Server/app/controllers/found_item_images_controller.php, line 19]
2011-04-20 17:07:43 Warning: Warning (2): imagejpeg(): supplied argument is not a valid Image resource in [/Server/app/controllers/found_item_images_controller.php, line 20]
2011-04-20 17:08:00 Warning: Warning (2): imagecreatefromjpeg() [<a href='http://php.net/function.imagecreatefromjpeg'>function.imagecreatefromjpeg</a>]: gd-jpeg: JPEG library reports unrecoverable error:  in [/Server/app/app_model.php, line 55]
2011-04-20 17:08:00 Warning: Warning (2): imagecreatefromjpeg() [<a href='http://php.net/function.imagecreatefromjpeg'>function.imagecreatefromjpeg</a>]: '/Server/uploads/1303005040.jpg' is not a valid JPEG file in [/Server/app/app_model.php, line 55]
2011-04-20 17:08:00 Warning: Warning (2): imagecopyresampled(): supplied argument is not a valid Image resource in [/Server/app/app_model.php, line 57]
2011-04-20 17:08:00 Warning: Warning (2): Cannot modify header information - headers already sent by (output started at /Server/cake/libs/debugger.php:673) in [/Server/app/controllers/found_item_images_controller.php, line 19]
2011-04-20 17:08:42 Warning: Warning (2): imagecreatefromjpeg() [<a href='http://php.net/function.imagecreatefromjpeg'>function.imagecreatefromjpeg</a>]: gd-jpeg: JPEG library reports unrecoverable error:  in [/Server/app/app_model.php, line 55]
2011-04-20 17:08:42 Warning: Warning (2): imagecreatefromjpeg() [<a href='http://php.net/function.imagecreatefromjpeg'>function.imagecreatefromjpeg</a>]: '/Server/uploads/1303005040.jpg' is not a valid JPEG file in [/Server/app/app_model.php, line 55]
2011-04-20 17:08:42 Warning: Warning (2): imagecopyresampled(): supplied argument is not a valid Image resource in [/Server/app/app_model.php, line 57]
2011-04-20 17:08:42 Warning: Warning (2): Cannot modify header information - headers already sent by (output started at /Server/cake/libs/debugger.php:673) in [/Server/app/controllers/found_item_images_controller.php, line 19]
2011-04-20 17:08:55 Warning: Warning (2): imagecreatefromjpeg() [<a href='http://php.net/function.imagecreatefromjpeg'>function.imagecreatefromjpeg</a>]: gd-jpeg: JPEG library reports unrecoverable error:  in [/Server/app/app_model.php, line 55]
2011-04-20 17:08:55 Warning: Warning (2): imagecreatefromjpeg() [<a href='http://php.net/function.imagecreatefromjpeg'>function.imagecreatefromjpeg</a>]: '/Server/uploads/1303005040.jpg' is not a valid JPEG file in [/Server/app/app_model.php, line 55]
2011-04-20 17:08:55 Warning: Warning (2): imagecopyresampled(): supplied argument is not a valid Image resource in [/Server/app/app_model.php, line 57]
2011-04-20 17:08:55 Warning: Warning (2): Cannot modify header information - headers already sent by (output started at /Server/cake/libs/debugger.php:673) in [/Server/app/controllers/found_item_images_controller.php, line 19]
2011-04-20 17:09:23 Warning: Warning (2): imagecreatefromjpeg() [<a href='http://php.net/function.imagecreatefromjpeg'>function.imagecreatefromjpeg</a>]: gd-jpeg: JPEG library reports unrecoverable error:  in [/Server/app/app_model.php, line 55]
2011-04-20 17:09:23 Warning: Warning (2): imagecreatefromjpeg() [<a href='http://php.net/function.imagecreatefromjpeg'>function.imagecreatefromjpeg</a>]: '/Server/uploads/1303005040.jpg' is not a valid JPEG file in [/Server/app/app_model.php, line 55]
2011-04-20 17:09:23 Warning: Warning (2): imagecopyresampled(): supplied argument is not a valid Image resource in [/Server/app/app_model.php, line 57]
2011-04-20 17:09:23 Warning: Warning (2): Cannot modify header information - headers already sent by (output started at /Server/cake/libs/debugger.php:673) in [/Server/app/controllers/found_item_images_controller.php, line 19]
2011-04-20 17:09:27 Warning: Warning (2): imagecreatefromjpeg() [<a href='http://php.net/function.imagecreatefromjpeg'>function.imagecreatefromjpeg</a>]: gd-jpeg: JPEG library reports unrecoverable error:  in [/Server/app/app_model.php, line 55]
2011-04-20 17:09:27 Warning: Warning (2): imagecreatefromjpeg() [<a href='http://php.net/function.imagecreatefromjpeg'>function.imagecreatefromjpeg</a>]: '/Server/uploads/1303005040.jpg' is not a valid JPEG file in [/Server/app/app_model.php, line 55]
2011-04-20 17:09:27 Warning: Warning (2): imagecopyresampled(): supplied argument is not a valid Image resource in [/Server/app/app_model.php, line 57]
2011-04-20 17:09:27 Warning: Warning (2): Cannot modify header information - headers already sent by (output started at /Server/cake/libs/debugger.php:673) in [/Server/app/controllers/found_item_images_controller.php, line 19]
2011-04-20 17:15:39 Warning: Warning (2): getimagesize(/Server/uploads//found_item_images/view/19) [<a href='http://php.net/function.getimagesize'>function.getimagesize</a>]: failed to open stream: No such file or directory in [/Server/app/app_model.php, line 36]
2011-04-20 17:15:39 Warning: Warning (2): Division by zero in [/Server/app/app_model.php, line 37]
2011-04-20 17:15:39 Warning: Warning (2): imagecreatefromjpeg(/Server/uploads//found_item_images/view/19) [<a href='http://php.net/function.imagecreatefromjpeg'>function.imagecreatefromjpeg</a>]: failed to open stream: No such file or directory in [/Server/app/app_model.php, line 55]
2011-04-20 17:15:39 Warning: Warning (2): imagecreatetruecolor() [<a href='http://php.net/function.imagecreatetruecolor'>function.imagecreatetruecolor</a>]: Invalid image dimensions in [/Server/app/app_model.php, line 56]
2011-04-20 17:15:39 Warning: Warning (2): imagecopyresampled(): supplied argument is not a valid Image resource in [/Server/app/app_model.php, line 57]
2011-04-20 17:15:39 Warning: Warning (2): Cannot modify header information - headers already sent by (output started at /Server/cake/libs/debugger.php:673) in [/Server/app/controllers/found_item_images_controller.php, line 19]
2011-04-20 17:15:39 Warning: Warning (2): imagejpeg(): supplied argument is not a valid Image resource in [/Server/app/controllers/found_item_images_controller.php, line 20]
2011-04-20 17:15:49 Warning: Warning (2): getimagesize(/Server/uploads//found_item_images/view/20) [<a href='http://php.net/function.getimagesize'>function.getimagesize</a>]: failed to open stream: No such file or directory in [/Server/app/app_model.php, line 36]
2011-04-20 17:15:49 Warning: Warning (2): Division by zero in [/Server/app/app_model.php, line 37]
2011-04-20 17:15:49 Warning: Warning (2): imagecreatefromjpeg(/Server/uploads//found_item_images/view/20) [<a href='http://php.net/function.imagecreatefromjpeg'>function.imagecreatefromjpeg</a>]: failed to open stream: No such file or directory in [/Server/app/app_model.php, line 55]
2011-04-20 17:15:49 Warning: Warning (2): imagecreatetruecolor() [<a href='http://php.net/function.imagecreatetruecolor'>function.imagecreatetruecolor</a>]: Invalid image dimensions in [/Server/app/app_model.php, line 56]
2011-04-20 17:15:49 Warning: Warning (2): imagecopyresampled(): supplied argument is not a valid Image resource in [/Server/app/app_model.php, line 57]
2011-04-20 17:15:49 Warning: Warning (2): Cannot modify header information - headers already sent by (output started at /Server/cake/libs/debugger.php:673) in [/Server/app/controllers/found_item_images_controller.php, line 19]
2011-04-20 17:15:49 Warning: Warning (2): imagejpeg(): supplied argument is not a valid Image resource in [/Server/app/controllers/found_item_images_controller.php, line 20]
2011-04-20 17:15:57 Warning: Warning (2): getimagesize(/Server/uploads//found_item_images/view/1) [<a href='http://php.net/function.getimagesize'>function.getimagesize</a>]: failed to open stream: No such file or directory in [/Server/app/app_model.php, line 36]
2011-04-20 17:15:57 Warning: Warning (2): Division by zero in [/Server/app/app_model.php, line 37]
2011-04-20 17:15:57 Warning: Warning (2): imagecreatefromjpeg(/Server/uploads//found_item_images/view/1) [<a href='http://php.net/function.imagecreatefromjpeg'>function.imagecreatefromjpeg</a>]: failed to open stream: No such file or directory in [/Server/app/app_model.php, line 55]
2011-04-20 17:15:57 Warning: Warning (2): imagecreatetruecolor() [<a href='http://php.net/function.imagecreatetruecolor'>function.imagecreatetruecolor</a>]: Invalid image dimensions in [/Server/app/app_model.php, line 56]
2011-04-20 17:15:57 Warning: Warning (2): imagecopyresampled(): supplied argument is not a valid Image resource in [/Server/app/app_model.php, line 57]
2011-04-20 17:15:57 Warning: Warning (2): Cannot modify header information - headers already sent by (output started at /Server/cake/libs/debugger.php:673) in [/Server/app/controllers/found_item_images_controller.php, line 19]
2011-04-20 17:15:57 Warning: Warning (2): imagejpeg(): supplied argument is not a valid Image resource in [/Server/app/controllers/found_item_images_controller.php, line 20]
2011-04-20 17:16:40 Warning: Warning (2): imagecreatefromjpeg(/Server/uploads//found_item_images/view/1) [<a href='http://php.net/function.imagecreatefromjpeg'>function.imagecreatefromjpeg</a>]: failed to open stream: No such file or directory in [/Server/app/models/found_item_image.php, line 79]
2011-04-20 17:16:40 Warning: Warning (2): Cannot modify header information - headers already sent by (output started at /Server/cake/libs/debugger.php:673) in [/Server/app/controllers/found_item_images_controller.php, line 19]
2011-04-20 17:16:40 Warning: Warning (2): imagejpeg(): supplied argument is not a valid Image resource in [/Server/app/controllers/found_item_images_controller.php, line 20]
2011-04-20 17:17:14 Warning: Warning (2): imagecreatefromjpeg(/Server/uploads/1) [<a href='http://php.net/function.imagecreatefromjpeg'>function.imagecreatefromjpeg</a>]: failed to open stream: No such file or directory in [/Server/app/models/found_item_image.php, line 79]
2011-04-20 17:17:14 Warning: Warning (2): Cannot modify header information - headers already sent by (output started at /Server/cake/libs/debugger.php:673) in [/Server/app/controllers/found_item_images_controller.php, line 19]
2011-04-20 17:17:14 Warning: Warning (2): imagejpeg(): supplied argument is not a valid Image resource in [/Server/app/controllers/found_item_images_controller.php, line 20]
2011-04-20 17:17:36 Warning: Warning (2): imagecreatefromjpeg(/Server/uploads//found_item_images/view/1) [<a href='http://php.net/function.imagecreatefromjpeg'>function.imagecreatefromjpeg</a>]: failed to open stream: No such file or directory in [/Server/app/models/found_item_image.php, line 80]
2011-04-20 17:17:36 Warning: Warning (2): Cannot modify header information - headers already sent by (output started at /Server/cake/basics.php:110) in [/Server/app/controllers/found_item_images_controller.php, line 19]
2011-04-20 17:17:36 Warning: Warning (2): imagejpeg(): supplied argument is not a valid Image resource in [/Server/app/controllers/found_item_images_controller.php, line 20]
2011-04-20 17:18:23 Warning: Warning (2): imagecreatefromjpeg(/Server/uploads//found_item_images/view/1) [<a href='http://php.net/function.imagecreatefromjpeg'>function.imagecreatefromjpeg</a>]: failed to open stream: No such file or directory in [/Server/app/models/found_item_image.php, line 81]
2011-04-20 17:18:23 Warning: Warning (2): Cannot modify header information - headers already sent by (output started at /Server/cake/basics.php:110) in [/Server/app/controllers/found_item_images_controller.php, line 19]
2011-04-20 17:18:23 Warning: Warning (2): imagejpeg(): supplied argument is not a valid Image resource in [/Server/app/controllers/found_item_images_controller.php, line 20]
2011-04-20 17:18:25 Warning: Warning (2): imagecreatefromjpeg(/Server/uploads//found_item_images/view/1) [<a href='http://php.net/function.imagecreatefromjpeg'>function.imagecreatefromjpeg</a>]: failed to open stream: No such file or directory in [/Server/app/models/found_item_image.php, line 81]
2011-04-20 17:18:25 Warning: Warning (2): Cannot modify header information - headers already sent by (output started at /Server/cake/basics.php:110) in [/Server/app/controllers/found_item_images_controller.php, line 19]
2011-04-20 17:18:25 Warning: Warning (2): imagejpeg(): supplied argument is not a valid Image resource in [/Server/app/controllers/found_item_images_controller.php, line 20]
2011-04-20 17:19:16 Warning: Warning (2): Cannot modify header information - headers already sent by (output started at /Server/cake/basics.php:110) in [/Server/app/controllers/found_item_images_controller.php, line 19]
2011-04-20 17:38:47 Warning: Warning (2): imagecreatefromjpeg() [<a href='http://php.net/function.imagecreatefromjpeg'>function.imagecreatefromjpeg</a>]: gd-jpeg: JPEG library reports unrecoverable error:  in [/Server/app/models/found_item_image.php, line 80]
2011-04-20 17:38:47 Warning: Warning (2): imagecreatefromjpeg() [<a href='http://php.net/function.imagecreatefromjpeg'>function.imagecreatefromjpeg</a>]: '/Server/uploads/1303005040.jpg' is not a valid JPEG file in [/Server/app/models/found_item_image.php, line 80]
2011-04-20 17:38:47 Warning: Warning (2): Cannot modify header information - headers already sent by (output started at /Server/cake/libs/debugger.php:673) in [/Server/app/controllers/found_item_images_controller.php, line 19]
2011-04-20 17:38:47 Warning: Warning (2): imagejpeg(): supplied argument is not a valid Image resource in [/Server/app/controllers/found_item_images_controller.php, line 20]
2011-04-20 17:39:36 Warning: Warning (2): imagecreatefromjpeg() [<a href='http://php.net/function.imagecreatefromjpeg'>function.imagecreatefromjpeg</a>]: gd-jpeg: JPEG library reports unrecoverable error:  in [/Server/app/app_model.php, line 55]
2011-04-20 17:39:36 Warning: Warning (2): imagecreatefromjpeg() [<a href='http://php.net/function.imagecreatefromjpeg'>function.imagecreatefromjpeg</a>]: '/Server/uploads/1303005040.jpg' is not a valid JPEG file in [/Server/app/app_model.php, line 55]
2011-04-20 17:39:36 Warning: Warning (2): imagecopyresampled(): supplied argument is not a valid Image resource in [/Server/app/app_model.php, line 57]
2011-04-20 17:39:36 Warning: Warning (2): Cannot modify header information - headers already sent by (output started at /Server/cake/libs/debugger.php:673) in [/Server/app/controllers/found_item_images_controller.php, line 19]
2011-04-20 17:42:28 Warning: Warning (2): Cannot modify header information - headers already sent by (output started at /Server/app/controllers/found_item_images_controller.php:13) in [/Server/app/controllers/found_item_images_controller.php, line 20]
2011-04-20 17:43:02 Warning: Warning (2): imagecreatefromjpeg() [<a href='http://php.net/function.imagecreatefromjpeg'>function.imagecreatefromjpeg</a>]: gd-jpeg: JPEG library reports unrecoverable error:  in [/Server/app/app_model.php, line 55]
2011-04-20 17:43:02 Warning: Warning (2): imagecreatefromjpeg() [<a href='http://php.net/function.imagecreatefromjpeg'>function.imagecreatefromjpeg</a>]: '/Server/uploads/1303005040.jpg' is not a valid JPEG file in [/Server/app/app_model.php, line 55]
2011-04-20 17:43:02 Warning: Warning (2): imagecopyresampled(): supplied argument is not a valid Image resource in [/Server/app/app_model.php, line 57]
2011-04-20 17:43:02 Warning: Warning (2): Cannot modify header information - headers already sent by (output started at /Server/cake/libs/debugger.php:673) in [/Server/app/controllers/found_item_images_controller.php, line 19]
2011-04-20 17:43:14 Warning: Warning (2): getimagesize(/Server/uploads/1303316195.jpg) [<a href='http://php.net/function.getimagesize'>function.getimagesize</a>]: failed to open stream: No such file or directory in [/Server/app/app_model.php, line 36]
2011-04-20 17:43:14 Warning: Warning (2): Division by zero in [/Server/app/app_model.php, line 37]
2011-04-20 17:43:14 Warning: Warning (2): imagecreatefromjpeg(/Server/uploads/1303316195.jpg) [<a href='http://php.net/function.imagecreatefromjpeg'>function.imagecreatefromjpeg</a>]: failed to open stream: No such file or directory in [/Server/app/app_model.php, line 55]
2011-04-20 17:43:14 Warning: Warning (2): imagecreatetruecolor() [<a href='http://php.net/function.imagecreatetruecolor'>function.imagecreatetruecolor</a>]: Invalid image dimensions in [/Server/app/app_model.php, line 56]
2011-04-20 17:43:14 Warning: Warning (2): imagecopyresampled(): supplied argument is not a valid Image resource in [/Server/app/app_model.php, line 57]
2011-04-20 17:43:14 Warning: Warning (2): Cannot modify header information - headers already sent by (output started at /Server/cake/libs/debugger.php:673) in [/Server/app/controllers/found_item_images_controller.php, line 19]
2011-04-20 17:43:14 Warning: Warning (2): imagejpeg(): supplied argument is not a valid Image resource in [/Server/app/controllers/found_item_images_controller.php, line 20]
2011-04-20 17:43:14 Warning: Warning (2): getimagesize(/Server/uploads/1303315391.jpg) [<a href='http://php.net/function.getimagesize'>function.getimagesize</a>]: failed to open stream: No such file or directory in [/Server/app/app_model.php, line 36]
2011-04-20 17:43:14 Warning: Warning (2): Division by zero in [/Server/app/app_model.php, line 37]
2011-04-20 17:43:14 Warning: Warning (2): imagecreatefromjpeg(/Server/uploads/1303315391.jpg) [<a href='http://php.net/function.imagecreatefromjpeg'>function.imagecreatefromjpeg</a>]: failed to open stream: No such file or directory in [/Server/app/app_model.php, line 55]
2011-04-20 17:43:14 Warning: Warning (2): imagecreatetruecolor() [<a href='http://php.net/function.imagecreatetruecolor'>function.imagecreatetruecolor</a>]: Invalid image dimensions in [/Server/app/app_model.php, line 56]
2011-04-20 17:43:14 Warning: Warning (2): imagecopyresampled(): supplied argument is not a valid Image resource in [/Server/app/app_model.php, line 57]
2011-04-20 17:43:14 Warning: Warning (2): Cannot modify header information - headers already sent by (output started at /Server/cake/libs/debugger.php:673) in [/Server/app/controllers/found_item_images_controller.php, line 19]
2011-04-20 17:43:14 Warning: Warning (2): imagejpeg(): supplied argument is not a valid Image resource in [/Server/app/controllers/found_item_images_controller.php, line 20]
2011-04-20 18:01:20 Warning: Warning (2): imagecreatefromjpeg() [<a href='http://php.net/function.imagecreatefromjpeg'>function.imagecreatefromjpeg</a>]: gd-jpeg: JPEG library reports unrecoverable error:  in [/Server/app/app_model.php, line 55]
2011-04-20 18:01:20 Warning: Warning (2): imagecreatefromjpeg() [<a href='http://php.net/function.imagecreatefromjpeg'>function.imagecreatefromjpeg</a>]: '/Server/uploads/1303005040.jpg' is not a valid JPEG file in [/Server/app/app_model.php, line 55]
2011-04-20 18:01:20 Warning: Warning (2): imagecopyresampled(): supplied argument is not a valid Image resource in [/Server/app/app_model.php, line 57]
2011-04-20 18:01:20 Warning: Warning (2): Cannot modify header information - headers already sent by (output started at /Server/cake/libs/debugger.php:673) in [/Server/app/controllers/found_item_images_controller.php, line 19]
2011-04-20 18:01:23 Warning: Warning (2): imagecreatefromjpeg() [<a href='http://php.net/function.imagecreatefromjpeg'>function.imagecreatefromjpeg</a>]: gd-jpeg: JPEG library reports unrecoverable error:  in [/Server/app/app_model.php, line 55]
2011-04-20 18:01:23 Warning: Warning (2): imagecreatefromjpeg() [<a href='http://php.net/function.imagecreatefromjpeg'>function.imagecreatefromjpeg</a>]: '/Server/uploads/1303005040.jpg' is not a valid JPEG file in [/Server/app/app_model.php, line 55]
2011-04-20 18:01:23 Warning: Warning (2): imagecopyresampled(): supplied argument is not a valid Image resource in [/Server/app/app_model.php, line 57]
2011-04-20 18:01:23 Warning: Warning (2): Cannot modify header information - headers already sent by (output started at /Server/cake/libs/debugger.php:673) in [/Server/app/controllers/found_item_images_controller.php, line 19]
2011-04-20 18:05:04 Warning: Warning (2): Cannot modify header information - headers already sent by (output started at /Server/cake/libs/debugger.php:673) in [/Server/cake/libs/controller/controller.php, line 742]
2011-04-20 18:05:13 Warning: Warning (2): Cannot modify header information - headers already sent by (output started at /Server/cake/libs/debugger.php:673) in [/Server/cake/libs/controller/controller.php, line 742]
2011-04-20 18:05:35 Warning: Warning (2): Cannot modify header information - headers already sent by (output started at /Server/cake/basics.php:110) in [/Server/cake/libs/controller/controller.php, line 742]
2011-04-20 18:06:53 Warning: Warning (2): Cannot modify header information - headers already sent by (output started at /Server/cake/basics.php:110) in [/Server/cake/libs/controller/controller.php, line 742]
2011-04-20 18:10:34 Warning: Warning (2): Cannot modify header information - headers already sent by (output started at /Server/cake/basics.php:110) in [/Server/cake/libs/controller/controller.php, line 742]
2011-04-20 18:13:46 Warning: Warning (2): Cannot modify header information - headers already sent by (output started at /Server/cake/basics.php:110) in [/Server/cake/libs/controller/controller.php, line 742]
2011-04-20 18:13:53 Warning: Warning (2): Cannot modify header information - headers already sent by (output started at /Server/cake/basics.php:110) in [/Server/cake/libs/controller/controller.php, line 742]
2011-04-20 18:54:14 Warning: Warning (2): imagecreatefromjpeg() [<a href='http://php.net/function.imagecreatefromjpeg'>function.imagecreatefromjpeg</a>]: gd-jpeg: JPEG library reports unrecoverable error:  in [/Server/app/app_model.php, line 55]
2011-04-20 18:54:14 Warning: Warning (2): imagecreatefromjpeg() [<a href='http://php.net/function.imagecreatefromjpeg'>function.imagecreatefromjpeg</a>]: '/Server/uploads/1303005040.jpg' is not a valid JPEG file in [/Server/app/app_model.php, line 55]
2011-04-20 18:54:14 Warning: Warning (2): imagecopyresampled(): supplied argument is not a valid Image resource in [/Server/app/app_model.php, line 57]
2011-04-20 18:54:14 Warning: Warning (2): Cannot modify header information - headers already sent by (output started at /Server/cake/libs/debugger.php:673) in [/Server/app/controllers/found_item_images_controller.php, line 19]
2011-04-20 18:55:13 Warning: Warning (2): imagecreatefromjpeg() [<a href='http://php.net/function.imagecreatefromjpeg'>function.imagecreatefromjpeg</a>]: gd-jpeg: JPEG library reports unrecoverable error:  in [/Server/app/app_model.php, line 55]
2011-04-20 18:55:13 Warning: Warning (2): imagecreatefromjpeg() [<a href='http://php.net/function.imagecreatefromjpeg'>function.imagecreatefromjpeg</a>]: '/Server/uploads/1303005040.jpg' is not a valid JPEG file in [/Server/app/app_model.php, line 55]
2011-04-20 18:55:13 Warning: Warning (2): imagecopyresampled(): supplied argument is not a valid Image resource in [/Server/app/app_model.php, line 57]
2011-04-20 18:55:13 Warning: Warning (2): Cannot modify header information - headers already sent by (output started at /Server/cake/libs/debugger.php:673) in [/Server/app/controllers/found_item_images_controller.php, line 19]
2011-04-26 18:46:17 Warning: Warning (2): imagecreatefromjpeg() [<a href='http://php.net/function.imagecreatefromjpeg'>function.imagecreatefromjpeg</a>]: gd-jpeg: JPEG library reports unrecoverable error:  in [/Server/app/app_model.php, line 55]
2011-04-26 18:46:17 Warning: Warning (2): imagecreatefromjpeg() [<a href='http://php.net/function.imagecreatefromjpeg'>function.imagecreatefromjpeg</a>]: '/Server/uploads/1303005040.jpg' is not a valid JPEG file in [/Server/app/app_model.php, line 55]
2011-04-26 18:46:17 Warning: Warning (2): imagecopyresampled(): supplied argument is not a valid Image resource in [/Server/app/app_model.php, line 57]
2011-04-26 18:46:17 Warning: Warning (2): Cannot modify header information - headers already sent by (output started at /Server/cake/libs/debugger.php:673) in [/Server/app/controllers/found_item_images_controller.php, line 19]
2011-04-26 18:46:35 Warning: Warning (2): getimagesize(/Server/uploads/1303315391.jpg) [<a href='http://php.net/function.getimagesize'>function.getimagesize</a>]: failed to open stream: No such file or directory in [/Server/app/app_model.php, line 36]
2011-04-26 18:46:35 Warning: Warning (2): Division by zero in [/Server/app/app_model.php, line 37]
2011-04-26 18:46:35 Warning: Warning (2): imagecreatefromjpeg(/Server/uploads/1303315391.jpg) [<a href='http://php.net/function.imagecreatefromjpeg'>function.imagecreatefromjpeg</a>]: failed to open stream: No such file or directory in [/Server/app/app_model.php, line 55]
2011-04-26 18:46:35 Warning: Warning (2): imagecreatetruecolor() [<a href='http://php.net/function.imagecreatetruecolor'>function.imagecreatetruecolor</a>]: Invalid image dimensions in [/Server/app/app_model.php, line 56]
2011-04-26 18:46:35 Warning: Warning (2): imagecopyresampled(): supplied argument is not a valid Image resource in [/Server/app/app_model.php, line 57]
2011-04-26 18:46:35 Warning: Warning (2): Cannot modify header information - headers already sent by (output started at /Server/cake/libs/debugger.php:673) in [/Server/app/controllers/found_item_images_controller.php, line 19]
2011-04-26 18:46:35 Warning: Warning (2): imagejpeg(): supplied argument is not a valid Image resource in [/Server/app/controllers/found_item_images_controller.php, line 20]
2011-04-26 18:46:35 Warning: Warning (2): getimagesize(/Server/uploads/1303316195.jpg) [<a href='http://php.net/function.getimagesize'>function.getimagesize</a>]: failed to open stream: No such file or directory in [/Server/app/app_model.php, line 36]
2011-04-26 18:46:35 Warning: Warning (2): Division by zero in [/Server/app/app_model.php, line 37]
2011-04-26 18:46:35 Warning: Warning (2): imagecreatefromjpeg(/Server/uploads/1303316195.jpg) [<a href='http://php.net/function.imagecreatefromjpeg'>function.imagecreatefromjpeg</a>]: failed to open stream: No such file or directory in [/Server/app/app_model.php, line 55]
2011-04-26 18:46:35 Warning: Warning (2): imagecreatetruecolor() [<a href='http://php.net/function.imagecreatetruecolor'>function.imagecreatetruecolor</a>]: Invalid image dimensions in [/Server/app/app_model.php, line 56]
2011-04-26 18:46:35 Warning: Warning (2): imagecopyresampled(): supplied argument is not a valid Image resource in [/Server/app/app_model.php, line 57]
2011-04-26 18:46:35 Warning: Warning (2): Cannot modify header information - headers already sent by (output started at /Server/cake/libs/debugger.php:673) in [/Server/app/controllers/found_item_images_controller.php, line 19]
2011-04-26 18:46:35 Warning: Warning (2): imagejpeg(): supplied argument is not a valid Image resource in [/Server/app/controllers/found_item_images_controller.php, line 20]
2011-04-26 18:47:21 Warning: Warning (2): imagecreatefromjpeg() [<a href='http://php.net/function.imagecreatefromjpeg'>function.imagecreatefromjpeg</a>]: gd-jpeg: JPEG library reports unrecoverable error:  in [/Server/app/app_model.php, line 55]
2011-04-26 18:47:21 Warning: Warning (2): imagecreatefromjpeg() [<a href='http://php.net/function.imagecreatefromjpeg'>function.imagecreatefromjpeg</a>]: '/Server/uploads/1303005040.jpg' is not a valid JPEG file in [/Server/app/app_model.php, line 55]
2011-04-26 18:47:21 Warning: Warning (2): imagecopyresampled(): supplied argument is not a valid Image resource in [/Server/app/app_model.php, line 57]
2011-04-26 18:47:21 Warning: Warning (2): Cannot modify header information - headers already sent by (output started at /Server/cake/libs/debugger.php:673) in [/Server/app/controllers/found_item_images_controller.php, line 19]
